<?xml version="1.0" encoding="UTF-8"?>
<!-- Generated by org.testng.reporters.JUnitReportReporter -->
<testsuite hostname="DESKTOP-K60HUMI" failures="0" tests="7" name="tests.FlipkartLazyLoadingTest" time="134.479" errors="0" timestamp="2023-08-01T20:39:16 IST" skipped="0">
  <testcase classname="tests.FlipkartLazyLoadingTest" name="testFlipkartHomepageLoadTime" time="5.378"/>
  <system-out/>
  <testcase classname="tests.FlipkartLazyLoadingTest" name="testSearchProductInMobileCategory" time="11.205"/>
  <system-out/>
  <testcase classname="tests.FlipkartLazyLoadingTest" name="testImageLoadingAndVisibility" time="115.838"/>
  <system-out/>
  <testcase classname="tests.FlipkartLazyLoadingTest" name="testScrollFeatureAndContentRefresh" time="0.059"/>
  <system-out/>
  <testcase classname="tests.FlipkartLazyLoadingTest" name="testLazyLoading" time="0.531"/>
  <system-out/>
  <testcase classname="tests.FlipkartLazyLoadingTest" name="testNavigationToBottom" time="0.069"/>
  <system-out/>
  <testcase classname="tests.FlipkartLazyLoadingTest" name="testCrossBrowserAndScreenResolution" time="1.399"/>
  <system-out/>
</testsuite> <!-- tests.FlipkartLazyLoadingTest -->
